Command line invocation:
    /Applications/Xcode.app/Contents/Developer/usr/bin/xcodebuild -workspace ecpower.xcworkspace -scheme ecpower -configuration Debug -destination "platform=iOS Simulator,name=iPhone 16 Pro" clean build

User defaults from command line:
    IDEPackageSupportUseBuiltinSCM = YES


** CLEAN SUCCEEDED **

Prepare packages

ComputeTargetDependencyGraph
note: Building targets in dependency order
note: Target dependency graph (1 target)
    Target 'ecpower' in project 'ecpower' (no dependencies)

GatherProvisioningInputs

CreateBuildDescription

ExecuteExternalTool /Applications/Xcode.app/Contents/Developer/Toolchains/XcodeDefault.xctoolchain/usr/bin/clang -v -E -dM -arch x86_64 -isysroot /Applications/Xcode.app/Contents/Developer/Platforms/iPhoneSimulator.platform/Developer/SDKs/iPhoneSimulator18.2.sdk -x c -c /dev/null

ExecuteExternalTool /Applications/Xcode.app/Contents/Developer/usr/bin/ibtool --version --output-format xml1

ExecuteExternalTool /Applications/Xcode.app/Contents/Developer/Toolchains/XcodeDefault.xctoolchain/usr/bin/clang -v -E -dM -isysroot /Applications/Xcode.app/Contents/Developer/Platforms/iPhoneSimulator.platform/Developer/SDKs/iPhoneSimulator18.2.sdk -x c -c /dev/null

ExecuteExternalTool /Applications/Xcode.app/Contents/Developer/usr/bin/actool --print-asset-tag-combinations --output-format xml1 /Users/cis/Downloads/EC_Power_app/ios/ecpower/Images.xcassets

ExecuteExternalTool /Applications/Xcode.app/Contents/Developer/usr/bin/actool --version --output-format xml1

ExecuteExternalTool /Applications/Xcode.app/Contents/Developer/Toolchains/XcodeDefault.xctoolchain/usr/bin/swiftc --version

ExecuteExternalTool /Applications/Xcode.app/Contents/Developer/Toolchains/XcodeDefault.xctoolchain/usr/bin/ld -version_details

Build description signature: 20f20d5e4761ba828d520b330be02247
Build description path: /Users/cis/Library/Developer/Xcode/DerivedData/ecpower-epnzhlbgjpstduhepckuxqmzvowi/Build/Intermediates.noindex/XCBuildData/20f20d5e4761ba828d520b330be02247.xcbuilddata
/Users/cis/Downloads/EC_Power_app/ios/ecpower.xcodeproj:1:1: error: Unable to open base configuration reference file '/Users/cis/Downloads/EC_Power_app/ios/Pods/Target Support Files/Pods-ecpower/Pods-ecpower.debug.xcconfig'. (in target 'ecpower' from project 'ecpower')
note: Run script build phase '[Expo] Configure project' will be run during every build because the option to run the script phase "Based on dependency analysis" is unchecked. (in target 'ecpower' from project 'ecpower')
note: Run script build phase 'Bundle React Native code and images' will be run during every build because the option to run the script phase "Based on dependency analysis" is unchecked. (in target 'ecpower' from project 'ecpower')
** BUILD FAILED **


The following build commands failed:
	Building workspace ecpower with scheme ecpower and configuration Debug
(1 failure)
